Arguments: 
  /Users/hijack/.nvm/versions/node/v18.13.0/bin/node /Users/hijack/.yarn/bin/yarn.js add react

PATH: 
  /usr/local/Cellar/ruby/2.7.2/bin:/Users/hijack/.yarn/bin:/Users/hijack/.config/yarn/global/node_modules/.bin:/usr/local/opt/llvm/bin:/Users/hijack/.asdf/shims:/usr/local/opt/asdf/bin:/usr/local/opt/curl/bin:/usr/local/opt/grep/libexec/gnubin:/usr/local/sbin:/Users/hijack/.nvm/versions/node/v18.13.0/bin:/usr/local/bin:/usr/bin:/bin:/usr/sbin:/sbin:/Library/Apple/usr/bin:/usr/local/opt/fzf/bin

Yarn version: 
  1.22.5

Node version: 
  18.13.0

Platform: 
  darwin x64

Trace: 
  SyntaxError: /Users/hijack/school/cs/git-repositories/FE/next-first/package.json: Unexpected end of JSON input
      at JSON.parse (<anonymous>)
      at /Users/hijack/.yarn/lib/cli.js:1625:59
      at Generator.next (<anonymous>)
      at step (/Users/hijack/.yarn/lib/cli.js:310:30)
      at /Users/hijack/.yarn/lib/cli.js:321:13

npm manifest: 
  

yarn manifest: 
  No manifest

Lockfile: 
  No lockfile
